#
# There is insufficient memory for the Java Runtime Environment to continue.
# Native memory allocation (malloc) failed to allocate 32744 bytes for ChunkPool::allocate
# Possible reasons:
#   The system is out of physical RAM or swap space
#   In 32 bit mode, the process size limit was hit
# Possible solutions:
#   Reduce memory load on the system
#   Increase physical memory or swap space
#   Check if swap backing store is full
#   Use 64 bit Java on a 64 bit OS
#   Decrease Java heap size (-Xmx/-Xms)
#   Decrease number of Java threads
#   Decrease Java thread stack sizes (-Xss)
#   Set larger code cache with -XX:ReservedCodeCacheSize=
# This output file may be truncated or incomplete.
#
#  Out of Memory Error (allocation.cpp:273), pid=4264, tid=0x00000000000023fc
#
# JRE version: Java(TM) SE Runtime Environment (8.0_191-b12) (build 1.8.0_191-b12)
# Java VM: Java HotSpot(TM) 64-Bit Server VM (25.191-b12 mixed mode windows-amd64 compressed oops)
# Failed to write core dump. Minidumps are not enabled by default on client versions of Windows
#

---------------  T H R E A D  ---------------

Current thread (0x0000000002443800):  JavaThread "main" [_thread_in_vm, id=9212, stack(0x0000000002340000,0x0000000002440000)]

Stack: [0x0000000002340000,0x0000000002440000]
[error occurred during error reporting (printing stack bounds), id 0xc0000005]

Native frames: (J=compiled Java code, j=interpreted, Vv=VM code, C=native code)

Java frames: (J=compiled Java code, j=interpreted, Vv=VM code)
J 232  java.lang.Throwable.fillInStackTrace(I)Ljava/lang/Throwable; (0 bytes) @ 0x00000000026cedfb [0x00000000026cedc0+0x3b]
J 1562 C2 java.lang.ReflectiveOperationException.<init>(Ljava/lang/String;Ljava/lang/Throwable;)V (7 bytes) @ 0x0000000002a78be0 [0x0000000002a78b20+0xc0]
J 1554 C2 java.net.URLClassLoader.findClass(Ljava/lang/String;)Ljava/lang/Class; (47 bytes) @ 0x0000000002a6f5ec [0x0000000002a6f4e0+0x10c]
J 1271 C2 java.lang.ClassLoader.loadClass(Ljava/lang/String;Z)Ljava/lang/Class; (122 bytes) @ 0x0000000002a27278 [0x0000000002a26260+0x1018]
J 1271 C2 java.lang.ClassLoader.loadClass(Ljava/lang/String;Z)Ljava/lang/Class; (122 bytes) @ 0x0000000002a27720 [0x0000000002a26260+0x14c0]
J 309 C1 org.codehaus.plexus.classworlds.realm.ClassRealm.loadClass(Ljava/lang/String;)Ljava/lang/Class; (7 bytes) @ 0x0000000002710f34 [0x0000000002710de0+0x154]
v  ~StubRoutines::call_stub
j  org.eclipse.aether.internal.impl.collect.DefaultDependencyCollector.collectDependencies(Lorg/eclipse/aether/RepositorySystemSession;Lorg/eclipse/aether/collection/CollectRequest;)Lorg/eclipse/aether/collection/CollectResult;+659
j  org.eclipse.aether.internal.impl.DefaultRepositorySystem.collectDependencies(Lorg/eclipse/aether/RepositorySystemSession;Lorg/eclipse/aether/collection/CollectRequest;)Lorg/eclipse/aether/collection/CollectResult;+11
j  org.apache.maven.project.DefaultProjectDependenciesResolver.resolve(Lorg/apache/maven/project/DependencyResolutionRequest;)Lorg/apache/maven/project/DependencyResolutionResult;+678
j  org.apache.maven.lifecycle.internal.LifecycleDependencyResolver.getDependencies(Lorg/apache/maven/project/MavenProject;Ljava/util/Collection;Ljava/util/Collection;Lorg/apache/maven/execution/MavenSession;ZLjava/util/Set;)Ljava/util/Set;+152
j  org.apache.maven.lifecycle.internal.LifecycleDependencyResolver.resolveProjectDependencies(Lorg/apache/maven/project/MavenProject;Ljava/util/Collection;Ljava/util/Collection;Lorg/apache/maven/execution/MavenSession;ZLjava/util/Set;)V+129
j  org.apache.maven.lifecycle.internal.MojoExecutor.ensureDependenciesAreResolved(Lorg/apache/maven/plugin/descriptor/MojoDescriptor;Lorg/apache/maven/execution/MavenSession;Lorg/apache/maven/lifecycle/internal/DependencyContext;)V+47
j  org.apache.maven.lifecycle.internal.MojoExecutor.execute(Lorg/apache/maven/execution/MavenSession;Lorg/apache/maven/plugin/MojoExecution;Lorg/apache/maven/lifecycle/internal/ProjectIndex;Lorg/apache/maven/lifecycle/internal/DependencyContext;)V+192
j  org.apache.maven.lifecycle.internal.MojoExecutor.execute(Lorg/apache/maven/execution/MavenSession;Lorg/apache/maven/plugin/MojoExecution;Lorg/apache/maven/lifecycle/internal/ProjectIndex;Lorg/apache/maven/lifecycle/internal/DependencyContext;Lorg/apache/maven/lifecycle/internal/PhaseRecorder;)V+6
j  org.apache.maven.lifecycle.internal.MojoExecutor.execute(Lorg/apache/maven/execution/MavenSession;Ljava/util/List;Lorg/apache/maven/lifecycle/internal/ProjectIndex;)V+60
j  org.apache.maven.lifecycle.internal.LifecycleModuleBuilder.buildProject(Lorg/apache/maven/execution/MavenSession;Lorg/apache/maven/execution/MavenSession;Lorg/apache/maven/lifecycle/internal/ReactorContext;Lorg/apache/maven/project/MavenProject;Lorg/apache/maven/lifecycle/internal/TaskSegment;)V+179
j  org.apache.maven.lifecycle.internal.LifecycleModuleBuilder.buildProject(Lorg/apache/maven/execution/MavenSession;Lorg/apache/maven/lifecycle/internal/ReactorContext;Lorg/apache/maven/project/MavenProject;Lorg/apache/maven/lifecycle/internal/TaskSegment;)V+7
j  org.apache.maven.lifecycle.internal.builder.singlethreaded.SingleThreadedBuilder.build(Lorg/apache/maven/execution/MavenSession;Lorg/apache/maven/lifecycle/internal/ReactorContext;Lorg/apache/maven/lifecycle/internal/ProjectBuildList;Ljava/util/List;Lorg/apache/maven/lifecycle/internal/ReactorBuildStatus;)V+77
j  org.apache.maven.lifecycle.internal.LifecycleStarter.execute(Lorg/apache/maven/execution/MavenSession;)V+348
j  org.apache.maven.DefaultMaven.doExecute(Lorg/apache/maven/execution/MavenExecutionRequest;Lorg/apache/maven/execution/MavenSession;Lorg/apache/maven/execution/MavenExecutionResult;Lorg/eclipse/aether/DefaultRepositorySystemSession;)Lorg/apache/maven/execution/MavenExecutionResult;+425
j  org.apache.maven.DefaultMaven.doExecute(Lorg/apache/maven/execution/MavenExecutionRequest;)Lorg/apache/maven/execution/MavenExecutionResult;+98
j  org.apache.maven.DefaultMaven.execute(Lorg/apache/maven/execution/MavenExecutionRequest;)Lorg/apache/maven/execution/MavenExecutionResult;+2
j  org.apache.maven.cli.MavenCli.execute(Lorg/apache/maven/cli/CliRequest;)I+27
j  org.apache.maven.cli.MavenCli.doMain(Lorg/apache/maven/cli/CliRequest;)I+66
j  org.apache.maven.cli.MavenCli.main([Ljava/lang/String;Lorg/codehaus/plexus/classworlds/ClassWorld;)I+24
v  ~StubRoutines::call_stub
j  sun.reflect.NativeMethodAccessorImpl.invoke0(Ljava/lang/reflect/Method;Ljava/lang/Object;[Ljava/lang/Object;)Ljava/lang/Object;+0
j  sun.reflect.NativeMethodAccessorImpl.invoke(Ljava/lang/Object;[Ljava/lang/Object;)Ljava/lang/Object;+100
j  sun.reflect.DelegatingMethodAccessorImpl.invoke(Ljava/lang/Object;[Ljava/lang/Object;)Ljava/lang/Object;+6
j  java.lang.reflect.Method.invoke(Ljava/lang/Object;[Ljava/lang/Object;)Ljava/lang/Object;+56
j  org.codehaus.plexus.classworlds.launcher.Launcher.launchEnhanced([Ljava/lang/String;)V+45
j  org.codehaus.plexus.classworlds.launcher.Launcher.launch([Ljava/lang/String;)V+2
j  org.codehaus.plexus.classworlds.launcher.Launcher.mainWithExitCode([Ljava/lang/String;)I+101
j  org.codehaus.plexus.classworlds.launcher.Launcher.main([Ljava/lang/String;)V+1
v  ~StubRoutines::call_stub

---------------  P R O C E S S  ---------------

Java Threads: ( => current thread )
  0x0000000018a43000 JavaThread "Service Thread" daemon [_thread_blocked, id=8328, stack(0x0000000018e10000,0x0000000018f10000)]
  0x00000000170b4800 JavaThread "C1 CompilerThread2" daemon [_thread_blocked, id=2064, stack(0x0000000018910000,0x0000000018a10000)]
  0x00000000170a6000 JavaThread "C2 CompilerThread1" daemon [_thread_in_native, id=10788, stack(0x0000000018810000,0x0000000018910000)]
  0x00000000170a1000 JavaThread "C2 CompilerThread0" daemon [_thread_in_native, id=6316, stack(0x0000000018710000,0x0000000018810000)]
  0x00000000170a0000 JavaThread "Attach Listener" daemon [_thread_blocked, id=10088, stack(0x0000000018610000,0x0000000018710000)]
  0x000000001709e800 JavaThread "Signal Dispatcher" daemon [_thread_blocked, id=6148, stack(0x0000000018510000,0x0000000018610000)]
  0x000000000253e000 JavaThread "Finalizer" daemon [_thread_blocked, id=5176, stack(0x0000000018310000,0x0000000018410000)]
  0x0000000002535000 JavaThread "Reference Handler" daemon [_thread_blocked, id=10724, stack(0x0000000018210000,0x0000000018310000)]
=>0x0000000002443800 JavaThread "main" [_thread_in_vm, id=9212, stack(0x0000000002340000,0x0000000002440000)]

Other Threads:
  0x0000000017068000 VMThread [stack: 0x0000000018110000,0x0000000018210000] [id=6560]
  0x0000000018a44800 WatcherThread [stack: 0x0000000018f10000,0x0000000019010000] [id=10172]

VM state:not at safepoint (normal execution)

VM Mutex/Monitor currently owned by a thread: None

Heap:
 PSYoungGen      total 38400K, used 37842K [0x00000000d5d00000, 0x00000000d8780000, 0x0000000100000000)
  eden space 33280K, 98% used [0x00000000d5d00000,0x00000000d7cf59d8,0x00000000d7d80000)
  from space 5120K, 99% used [0x00000000d8280000,0x00000000d877ef10,0x00000000d8780000)
  to   space 5120K, 0% used [0x00000000d7d80000,0x00000000d7d80000,0x00000000d8280000)
 ParOldGen       total 87552K, used 2185K [0x0000000081600000, 0x0000000086b80000, 0x00000000d5d00000)
  object space 87552K, 2% used [0x0000000081600000,0x0000000081822750,0x0000000086b80000)
 Metaspace       used 15187K, capacity 15394K, committed 15616K, reserved 1062912K
  class space    used 1837K, capacity 1939K, committed 2048K, reserved 1048576K

Card table byte_map: [0x0000000011900000,0x0000000011d00000] byte_map_base: 0x00000000114f5000

Marking Bits: (ParMarkBitMap*) 0x0000000064953e30
 Begin Bits: [0x00000000123b0000, 0x0000000014358000)
 End Bits:   [0x0000000014358000, 0x0000000016300000)

Polling page: 0x0000000000640000

CodeCache: size=245760Kb used=6201Kb max_used=6201Kb free=239558Kb
 bounds [0x0000000002540000, 0x0000000002b60000, 0x0000000011540000]
 total_blobs=2220 nmethods=1862 adapters=270
 compilation: enabled

Compilation events (10 events):
Event: 4.336 Thread 0x00000000170b4800 1875       2       java.util.LinkedHashMap$LinkedKeyIterator::<init> (11 bytes)
Event: 4.336 Thread 0x00000000170b4800 nmethod 1875 0x0000000002b52010 code [0x0000000002b52160, 0x0000000002b52310]
Event: 4.345 Thread 0x00000000170b4800 1876       1       org.apache.maven.artifact.handler.DefaultArtifactHandler::isAddedToClasspath (5 bytes)
Event: 4.345 Thread 0x00000000170b4800 nmethod 1876 0x0000000002b523d0 code [0x0000000002b52520, 0x0000000002b52630]
Event: 4.345 Thread 0x00000000170b4800 1877       1       org.apache.maven.artifact.handler.DefaultArtifactHandler::isIncludesDependencies (5 bytes)
Event: 4.345 Thread 0x00000000170b4800 nmethod 1877 0x0000000002b52690 code [0x0000000002b527e0, 0x0000000002b528f0]
Event: 4.345 Thread 0x00000000170b4800 1878       1       org.eclipse.aether.artifact.DefaultArtifactType::getClassifier (5 bytes)
Event: 4.345 Thread 0x00000000170b4800 nmethod 1878 0x0000000002b52950 code [0x0000000002b52aa0, 0x0000000002b52bb0]
Event: 4.346 Thread 0x00000000170b4800 1879       1       org.eclipse.aether.artifact.DefaultArtifactType::getProperties (5 bytes)
Event: 4.346 Thread 0x00000000170b4800 nmethod 1879 0x0000000002b52c10 code [0x0000000002b52d60, 0x0000000002b52e70]

GC Heap History (4 events):
Event: 1.584 GC heap before
{Heap before GC invocations=1 (full 0):
 PSYoungGen      total 38400K, used 33280K [0x00000000d5d00000, 0x00000000d8780000, 0x0000000100000000)
  eden space 33280K, 100% used [0x00000000d5d00000,0x00000000d7d80000,0x00000000d7d80000)
  from space 5120K, 0% used [0x00000000d8280000,0x00000000d8280000,0x00000000d8780000)
  to   space 5120K, 0% used [0x00000000d7d80000,0x00000000d7d80000,0x00000000d8280000)
 ParOldGen       total 87552K, used 0K [0x0000000081600000, 0x0000000086b80000, 0x00000000d5d00000)
  object space 87552K, 0% used [0x0000000081600000,0x0000000081600020,0x0000000086b80000)
 Metaspace       used 8272K, capacity 8380K, committed 8576K, reserved 1056768K
  class space    used 997K, capacity 1048K, committed 1152K, reserved 1048576K
Event: 1.596 GC heap after
Heap after GC invocations=1 (full 0):
 PSYoungGen      total 38400K, used 5093K [0x00000000d5d00000, 0x00000000d8780000, 0x0000000100000000)
  eden space 33280K, 0% used [0x00000000d5d00000,0x00000000d5d00000,0x00000000d7d80000)
  from space 5120K, 99% used [0x00000000d7d80000,0x00000000d82797c0,0x00000000d8280000)
  to   space 5120K, 0% used [0x00000000d8280000,0x00000000d8280000,0x00000000d8780000)
 ParOldGen       total 87552K, used 238K [0x0000000081600000, 0x0000000086b80000, 0x00000000d5d00000)
  object space 87552K, 0% used [0x0000000081600000,0x000000008163bb98,0x0000000086b80000)
 Metaspace       used 8272K, capacity 8380K, committed 8576K, reserved 1056768K
  class space    used 997K, capacity 1048K, committed 1152K, reserved 1048576K
}
Event: 2.533 GC heap before
{Heap before GC invocations=2 (full 0):
 PSYoungGen      total 38400K, used 38373K [0x00000000d5d00000, 0x00000000d8780000, 0x0000000100000000)
  eden space 33280K, 100% used [0x00000000d5d00000,0x00000000d7d80000,0x00000000d7d80000)
  from space 5120K, 99% used [0x00000000d7d80000,0x00000000d82797c0,0x00000000d8280000)
  to   space 5120K, 0% used [0x00000000d8280000,0x00000000d8280000,0x00000000d8780000)
 ParOldGen       total 87552K, used 269K [0x0000000081600000, 0x0000000086b80000, 0x00000000d5d00000)
  object space 87552K, 0% used [0x0000000081600000,0x00000000816435c0,0x0000000086b80000)
 Metaspace       used 11743K, capacity 11924K, committed 12160K, reserved 1060864K
  class space    used 1455K, capacity 1542K, committed 1664K, reserved 1048576K
Event: 2.546 GC heap after
Heap after GC invocations=2 (full 0):
 PSYoungGen      total 38400K, used 5115K [0x00000000d5d00000, 0x00000000d8780000, 0x0000000100000000)
  eden space 33280K, 0% used [0x00000000d5d00000,0x00000000d5d00000,0x00000000d7d80000)
  from space 5120K, 99% used [0x00000000d8280000,0x00000000d877ef10,0x00000000d8780000)
  to   space 5120K, 0% used [0x00000000d7d80000,0x00000000d7d80000,0x00000000d8280000)
 ParOldGen       total 87552K, used 2185K [0x0000000081600000, 0x0000000086b80000, 0x00000000d5d00000)
  object space 87552K, 2% used [0x0000000081600000,0x0000000081822750,0x0000000086b80000)
 Metaspace       used 11743K, capacity 11924K, committed 12160K, reserved 1060864K
  class space    used 1455K, capacity 1542K, committed 1664K, reserved 1048576K
}

Deoptimization events (10 events):
Event: 3.034 Thread 0x0000000002443800 Uncommon trap: reason=unstable_if action=reinterpret pc=0x0000000002a3af50 method=org.eclipse.sisu.inject.InjectorBindings.isAssignableFrom(Lcom/google/inject/TypeLiteral;Lcom/google/inject/Binding;)Z @ 14
Event: 3.320 Thread 0x0000000002443800 Uncommon trap: reason=unstable_if action=reinterpret pc=0x00000000026d4454 method=java.lang.String.replace(CC)Ljava/lang/String; @ 2
Event: 3.335 Thread 0x0000000002443800 Uncommon trap: reason=unstable_if action=reinterpret pc=0x00000000029a2dcc method=java.lang.String.substring(I)Ljava/lang/String; @ 35
Event: 3.512 Thread 0x0000000002443800 Uncommon trap: reason=predicate action=maybe_recompile pc=0x00000000028d6dc4 method=java.lang.String.regionMatches(ZILjava/lang/String;II)Z @ 63
Event: 3.549 Thread 0x0000000002443800 Uncommon trap: reason=bimorphic action=maybe_recompile pc=0x0000000002a6cff8 method=java.util.regex.Pattern$CharProperty.match(Ljava/util/regex/Matcher;ILjava/lang/CharSequence;)Z @ 37
Event: 3.554 Thread 0x0000000002443800 Uncommon trap: reason=bimorphic action=maybe_recompile pc=0x0000000002a6cff8 method=java.util.regex.Pattern$CharProperty.match(Ljava/util/regex/Matcher;ILjava/lang/CharSequence;)Z @ 37
Event: 3.582 Thread 0x0000000002443800 Uncommon trap: reason=bimorphic action=maybe_recompile pc=0x0000000002a6cff8 method=java.util.regex.Pattern$CharProperty.match(Ljava/util/regex/Matcher;ILjava/lang/CharSequence;)Z @ 37
Event: 3.582 Thread 0x0000000002443800 Uncommon trap: reason=bimorphic action=maybe_recompile pc=0x0000000002a6cff8 method=java.util.regex.Pattern$CharProperty.match(Ljava/util/regex/Matcher;ILjava/lang/CharSequence;)Z @ 37
Event: 3.586 Thread 0x0000000002443800 Uncommon trap: reason=unstable_if action=reinterpret pc=0x0000000002800e84 method=sun.nio.cs.UTF_8$Decoder.decode([BII[C)I @ 30
Event: 3.588 Thread 0x0000000002443800 Uncommon trap: reason=unstable_if action=reinterpret pc=0x00000000027f4394 method=sun.nio.cs.UTF_8$Decoder.decodeArrayLoop(Ljava/nio/ByteBuffer;Ljava/nio/CharBuffer;)Ljava/nio/charset/CoderResult; @ 84

Classes redefined (0 events):
No events

Internal exceptions (10 events):
Event: 1.579 Thread 0x0000000002443800 Exception <a 'java/lang/ArrayIndexOutOfBoundsException': 66> (0x00000000d7d119f0) thrown at [C:\re\workspace\8-2-build-windows-amd64-cygwin\jdk8u191\11896\hotspot\src\share\vm\interpreter\interpreterRuntime.cpp, line 366]
Event: 2.828 Thread 0x0000000002443800 Exception <a 'java/lang/NoClassDefFoundError': com/google/inject/servlet/ServletModuleTargetVisitor> (0x00000000d63f78c0) thrown at [C:\re\workspace\8-2-build-windows-amd64-cygwin\jdk8u191\11896\hotspot\src\share\vm\classfile\systemDictionary.cpp, line 19
Event: 2.828 Thread 0x0000000002443800 Exception <a 'java/lang/NoClassDefFoundError'> (0x00000000d63f78c0) thrown at [C:\re\workspace\8-2-build-windows-amd64-cygwin\jdk8u191\11896\hotspot\src\share\vm\prims\jvm.cpp, line 1439]
Event: 2.828 Thread 0x0000000002443800 Exception <a 'java/lang/NoClassDefFoundError': javax/annotation/Priority> (0x00000000d63fc7f0) thrown at [C:\re\workspace\8-2-build-windows-amd64-cygwin\jdk8u191\11896\hotspot\src\share\vm\classfile\systemDictionary.cpp, line 199]
Event: 3.171 Thread 0x0000000002443800 Exception <a 'java/lang/NullPointerException'> (0x00000000d69ef698) thrown at [C:\re\workspace\8-2-build-windows-amd64-cygwin\jdk8u191\11896\hotspot\src\share\vm\interpreter\linkResolver.cpp, line 1185]
Event: 3.171 Thread 0x0000000002443800 Exception <a 'java/lang/NullPointerException'> (0x00000000d69ef8b0) thrown at [C:\re\workspace\8-2-build-windows-amd64-cygwin\jdk8u191\11896\hotspot\src\share\vm\interpreter\linkResolver.cpp, line 1185]
Event: 3.171 Thread 0x0000000002443800 Exception <a 'java/lang/NullPointerException'> (0x00000000d69efac8) thrown at [C:\re\workspace\8-2-build-windows-amd64-cygwin\jdk8u191\11896\hotspot\src\share\vm\interpreter\linkResolver.cpp, line 1185]
Event: 3.172 Thread 0x0000000002443800 Exception <a 'java/lang/NullPointerException'> (0x00000000d69f7ee8) thrown at [C:\re\workspace\8-2-build-windows-amd64-cygwin\jdk8u191\11896\hotspot\src\share\vm\interpreter\linkResolver.cpp, line 1185]
Event: 3.172 Thread 0x0000000002443800 Exception <a 'java/lang/NullPointerException'> (0x00000000d69f8100) thrown at [C:\re\workspace\8-2-build-windows-amd64-cygwin\jdk8u191\11896\hotspot\src\share\vm\interpreter\linkResolver.cpp, line 1185]
Event: 3.172 Thread 0x0000000002443800 Exception <a 'java/lang/NullPointerException'> (0x00000000d69f8318) thrown at [C:\re\workspace\8-2-build-windows-amd64-cygwin\jdk8u191\11896\hotspot\src\share\vm\interpreter\linkResolver.cpp, line 1185]

Events (10 events):
Event: 4.346 loading class org/eclipse/aether/internal/impl/collect/CachingArtifactTypeRegistry
Event: 4.346 loading class org/eclipse/aether/internal/impl/collect/CachingArtifactTypeRegistry done
Event: 4.348 loading class org/eclipse/aether/internal/impl/collect/ObjectPool
Event: 4.348 loading class org/eclipse/aether/internal/impl/collect/ObjectPool done
Event: 4.349 loading class org/eclipse/aether/internal/impl/collect/NodeStack
Event: 4.349 loading class org/eclipse/aether/internal/impl/collect/NodeStack done
Event: 4.350 loading class org/eclipse/aether/internal/impl/collect/DefaultDependencyCollectionContext
Event: 4.350 loading class org/eclipse/aether/internal/impl/collect/DefaultDependencyCollectionContext done
Event: 4.351 loading class org/eclipse/aether/graph/DependencyCycle
Event: 4.351 loading class org/eclipse/aether/graph/DependencyCycle done


Dynamic libraries:
0x00007ff721a20000 - 0x00007ff721a57000 	C:\Program Files\Java\jdk1.8.0_191\bin\java.exe
0x00007fffd9c50000 - 0x00007fffd9e3d000 	C:\windows\SYSTEM32\ntdll.dll
0x00007fffd8b70000 - 0x00007fffd8c23000 	C:\windows\System32\KERNEL32.DLL
0x00007fffd5fe0000 - 0x00007fffd6273000 	C:\windows\System32\KERNELBASE.dll
0x00007fffd8960000 - 0x00007fffd8a03000 	C:\windows\System32\ADVAPI32.dll
0x00007fffd8420000 - 0x00007fffd84be000 	C:\windows\System32\msvcrt.dll
0x00007fffd8c30000 - 0x00007fffd8cce000 	C:\windows\System32\sechost.dll
0x00007fffd9570000 - 0x00007fffd9693000 	C:\windows\System32\RPCRT4.dll
0x00007fffd97e0000 - 0x00007fffd9977000 	C:\windows\System32\USER32.dll
0x00007fffd5fc0000 - 0x00007fffd5fe0000 	C:\windows\System32\win32u.dll
0x00007fffd9980000 - 0x00007fffd99a9000 	C:\windows\System32\GDI32.dll
0x00007fffd5e20000 - 0x00007fffd5fba000 	C:\windows\System32\gdi32full.dll
0x00007fffd6de0000 - 0x00007fffd6e80000 	C:\windows\System32\msvcp_win.dll
0x00007fffd5d20000 - 0x00007fffd5e1c000 	C:\windows\System32\ucrtbase.dll
0x00007fffb5310000 - 0x00007fffb5589000 	C:\windows\WinSxS\amd64_microsoft.windows.common-controls_6595b64144ccf1df_6.0.17763.55_none_bfabd67a2c8ec77e\COMCTL32.dll
0x00007fffd8600000 - 0x00007fffd892e000 	C:\windows\System32\combase.dll
0x00007fffd6ae0000 - 0x00007fffd6b5e000 	C:\windows\System32\bcryptPrimitives.dll
0x00007fffd8930000 - 0x00007fffd895e000 	C:\windows\System32\IMM32.DLL
0x0000000065190000 - 0x0000000065262000 	C:\Program Files\Java\jdk1.8.0_191\jre\bin\msvcr100.dll
0x0000000064130000 - 0x00000000649d4000 	C:\Program Files\Java\jdk1.8.0_191\jre\bin\server\jvm.dll
0x00007fffd96a0000 - 0x00007fffd96a8000 	C:\windows\System32\PSAPI.DLL
0x00007fffcfe30000 - 0x00007fffcfe54000 	C:\windows\SYSTEM32\WINMM.dll
0x00007fffbc1d0000 - 0x00007fffbc1d9000 	C:\windows\SYSTEM32\WSOCK32.dll
0x00007fffd9290000 - 0x00007fffd92fd000 	C:\windows\System32\WS2_32.dll
0x00007fffbf680000 - 0x00007fffbf68a000 	C:\windows\SYSTEM32\VERSION.dll
0x00007fffcfe00000 - 0x00007fffcfe2d000 	C:\windows\SYSTEM32\winmmbase.dll
0x00007fffd6b60000 - 0x00007fffd6baa000 	C:\windows\System32\cfgmgr32.dll
0x0000000065180000 - 0x000000006518f000 	C:\Program Files\Java\jdk1.8.0_191\jre\bin\verify.dll
0x0000000065150000 - 0x0000000065179000 	C:\Program Files\Java\jdk1.8.0_191\jre\bin\java.dll
0x0000000065130000 - 0x0000000065146000 	C:\Program Files\Java\jdk1.8.0_191\jre\bin\zip.dll
0x00007fffd6f30000 - 0x00007fffd841f000 	C:\windows\System32\SHELL32.dll
0x00007fffd6e80000 - 0x00007fffd6f28000 	C:\windows\System32\shcore.dll
0x00007fffd6280000 - 0x00007fffd69c8000 	C:\windows\System32\windows.storage.dll
0x00007fffd5c50000 - 0x00007fffd5c74000 	C:\windows\System32\profapi.dll
0x00007fffd5cc0000 - 0x00007fffd5d1d000 	C:\windows\System32\powrprof.dll
0x00007fffd8db0000 - 0x00007fffd8e02000 	C:\windows\System32\shlwapi.dll
0x00007fffd5c80000 - 0x00007fffd5c91000 	C:\windows\System32\kernel.appcore.dll
0x00007fffd6be0000 - 0x00007fffd6bf7000 	C:\windows\System32\cryptsp.dll
0x00007fffd0d40000 - 0x00007fffd0d4a000 	C:\apache-maven-3.6.3-bin\apache-maven-3.6.3\lib\jansi-native\windows64\jansi.dll
0x0000000065110000 - 0x000000006512a000 	C:\Program Files\Java\jdk1.8.0_191\jre\bin\net.dll
0x00007fffd5490000 - 0x00007fffd54f7000 	C:\windows\system32\mswsock.dll
0x00000000650f0000 - 0x0000000065101000 	C:\Program Files\Java\jdk1.8.0_191\jre\bin\nio.dll

VM Arguments:
jvm_args: -Dclassworlds.conf=C:\apache-maven-3.6.3-bin\apache-maven-3.6.3\bin\..\bin\m2.conf -Dmaven.home=C:\apache-maven-3.6.3-bin\apache-maven-3.6.3\bin\.. -Dlibrary.jansi.path=C:\apache-maven-3.6.3-bin\apache-maven-3.6.3\bin\..\lib\jansi-native -Dmaven.multiModuleProjectDirectory=C:\JIGAR\Dal\Curriculumn\SDC_Project\csci5308 
java_command: org.codehaus.plexus.classworlds.launcher.Launcher clean install
java_class_path (initial): C:\apache-maven-3.6.3-bin\apache-maven-3.6.3\bin\..\boot\plexus-classworlds-2.6.0.jar
Launcher Type: SUN_STANDARD

Environment Variables:
JAVA_HOME=C:\Program Files\Java\jdk1.8.0_191\
PATH=C:\Program Files (x86)\Microsoft SDKs\Azure\CLI2\wbin;C:\Program Files\Python37\Scripts\;C:\Program Files\Python37\;C:\ProgramData\Oracle\Java\javapath;C:\Program Files (x86)\Common Files\Oracle\Java\javapath;C:\Program Files (x86)\NVIDIA Corporation\PhysX\Common;C:\windows\system32;C:\windows;C:\windows\System32\Wbem;C:\windows\System32\WindowsPowerShell\v1.0\;C:\windows\System32\OpenSSH\;C:\Program Files\Microsoft SQL Server\Client SDK\ODBC\110\Tools\Binn\;C:\Program Files (x86)\Microsoft SQL Server\120\Tools\Binn\;C:\Program Files\Microsoft SQL Server\120\Tools\Binn\;C:\Program Files\Microsoft SQL Server\120\DTS\Binn\;C:\Program Files (x86)\Windows Kits\8.1\Windows Performance Toolkit\;C:\Program Files\SASHome\SASFoundation\9.4\ets\sasexe;C:\Program Files\SASHome\Secure\ccme4;C:\Program Files\IBM\SPSS\Statistics\25\JRE\bin;C:\PROGRAM FILES\OPENOFFICE.ORG 3\URE\BIN;C:\PROGRAM FILES (X86)\OPENOFFICE.ORG 3\URE\BIN;C:\Program Files\Git\cmd;C:\Program Files\Git\bin;C:\Program Files\Java\jdk1.8.0_191\bin;C:\Program Files\PuTTY\;C:\apache-maven-3.6.3-bin\apache-maven-3.6.3\bin;C:\Program Files\Java\jdk1.8.0_191\\;C:\Program Files\Amazon\AWSCLIV2\;C:\Program Files\Docker\Docker\resources\bin;C:\ProgramData\DockerDesktop\version-bin;C:\Program Files\nodejs\;C:\Users\AVUser\Scripts\;C:\Users\AVUser\;C:\Users\AVUser\AppData\Local\Microsoft\WindowsApps;C:\Users\AVUser\AppData\Local\Programs\Microsoft VS Code\bin;C:\Users\AVUser\.ebcli-virtual-env\executables;C:\Users\AVUser\AppData\Local\Google\Cloud SDK\google-cloud-sdk\bin;C:\Program Files\heroku\bin;C:\Users\AVUser\AppData\Roaming\Python\Python37\Scripts;C:\Users\AVUser\AppData\Roaming\Python\Python37\;C:\Users\AVUser\AppData\Local\Programs\MiKTeX\miktex\bin\x64\;C:\Users\AVUser\AppData\Roaming\npm
USERNAME=AVUser
OS=Windows_NT
PROCESSOR_IDENTIFIER=Intel64 Family 6 Model 61 Stepping 4, GenuineIntel



---------------  S Y S T E M  ---------------

OS: Windows 10.0 , 64 bit Build 17763 (10.0.17763.1)

CPU:total 4 (initial active 4) (2 cores per cpu, 2 threads per core) family 6 model 61 stepping 4, cmov, cx8, fxsr, mmx, sse, sse2, sse3, ssse3, sse4.1, sse4.2, popcnt, avx, avx2, aes, clmul, erms, 3dnowpref, lzcnt, ht, tsc, tscinvbit, bmi1, bmi2, adx

Memory: 4k page, physical 8297836k(875288k free), swap 8297836k(2084k free)

vm_info: Java HotSpot(TM) 64-Bit Server VM (25.191-b12) for windows-amd64 JRE (1.8.0_191-b12), built on Oct  6 2018 09:29:03 by "java_re" with MS VC++ 10.0 (VS2010)

time: Tue Oct 20 09:27:46 2020
elapsed time: 4 seconds (0d 0h 0m 4s)

